<?xml version="1.0" encoding="UTF-8"?>
<!-- Generated by org.testng.reporters.JUnitXMLReporter -->
<testsuite ignored="0" hostname="DESKTOP-0GGVNTV" failures="0" tests="3" name="Chrome Browser" time="34.317" errors="0" timestamp="2022-07-21T19:53:35 IST">
  <testcase classname="com.nextgeni.registerdemotestng.RegisterDemoTestNG" name="navigateToRegistrationForm" time="6.98"/>
  <testcase classname="com.nextgeni.registerdemotestng.RegisterDemoTestNG" name="registerUser" time="6.942"/>
  <testcase classname="com.nextgeni.registerdemotestng.RegisterDemoTestNG" name="validatingSuccessfulmsg" time="0.065"/>
</testsuite> <!-- Chrome Browser -->
