<?xml version="1.0" encoding="UTF-8"?>
<!-- Generated by org.testng.reporters.JUnitXMLReporter -->
<testsuite ignored="0" hostname="DESKTOP-0GGVNTV" failures="0" tests="3" name="FireFox Browser" time="37.829" errors="0" timestamp="2022-07-21T19:53:39 IST">
  <testcase classname="com.nextgeni.registerdemotestng.RegisterDemoTestNG" name="navigateToRegistrationForm" time="6.018"/>
  <testcase classname="com.nextgeni.registerdemotestng.RegisterDemoTestNG" name="registerUser" time="4.835"/>
  <testcase classname="com.nextgeni.registerdemotestng.RegisterDemoTestNG" name="validatingSuccessfulmsg" time="0.04"/>
</testsuite> <!-- FireFox Browser -->
