<?xml version="1.0" encoding="UTF-8"?>
<!-- Generated by org.testng.reporters.JUnitXMLReporter -->
<testsuite ignored="0" hostname="DESKTOP-0GGVNTV" failures="0" tests="4" name="Register Demo Test" time="0.078" errors="0" timestamp="2022-07-19T12:19:29 IST">
  <testcase classname="com.nextgenai.testngannotations.RegisterDemo" name="lauchApplication" time="0.016"/>
  <testcase classname="com.nextgenai.testngannotations.RegisterDemo" name="navigateToRegistrationForm" time="0.0"/>
  <testcase classname="com.nextgenai.testngannotations.RegisterDemo" name="registerForDemo" time="0.0"/>
  <testcase classname="com.nextgenai.testngannotations.RegisterDemo" name="closeApplication" time="0.016"/>
</testsuite> <!-- Register Demo Test -->
