<?xml version="1.0" encoding="UTF-8"?>
<!-- Generated by org.testng.reporters.JUnitXMLReporter -->
<testsuite ignored="0" hostname="DESKTOP-0GGVNTV" failures="0" tests="9" name="Test" time="0.094" errors="0" timestamp="2022-07-21T21:14:29 IST">
  <testcase classname="com.nextgenai.crossbrowsertesting.SampleThreadProgram" name="testCase6" time="0.008"/>
  <testcase classname="com.nextgenai.crossbrowsertesting.SampleThreadProgram" name="testCase7" time="0.013"/>
  <testcase classname="com.nextgenai.crossbrowsertesting.SampleThreadProgram" name="testCase3" time="0.015"/>
  <testcase classname="com.nextgenai.crossbrowsertesting.SampleThreadProgram" name="testCase1" time="0.013"/>
  <testcase classname="com.nextgenai.crossbrowsertesting.SampleThreadProgram" name="testCase8" time="0.001"/>
  <testcase classname="com.nextgenai.crossbrowsertesting.SampleThreadProgram" name="testCase4" time="0.025"/>
  <testcase classname="com.nextgenai.crossbrowsertesting.SampleThreadProgram" name="testCase2" time="0.029"/>
  <testcase classname="com.nextgenai.crossbrowsertesting.SampleThreadProgram" name="testCase5" time="0.028"/>
  <testcase classname="com.nextgenai.crossbrowsertesting.SampleThreadProgram" name="testCase9" time="0.009"/>
</testsuite> <!-- Test -->
